# JRE version: OpenJDK Runtime Environment (11.0.12+7) (build 11.0.12+7-b1504.28-7817840)
# Java VM: OpenJDK 64-Bit Server VM (11.0.12+7-b1504.28-7817840, mixed mode, tiered, compressed oops, g1 gc, windows-amd64)
Heap:
 garbage-first heap   total 312320K, used 226099K [0x0000000080000000, 0x0000000100000000)
  region size 1024K, 108 young (110592K), 4 survivors (4096K)
 Metaspace       used 98121K, capacity 100766K, committed 100976K, reserved 1136640K
  class space    used 12384K, capacity 13374K, committed 13388K, reserved 1048576K
GC Heap History (20 events):
Event: 2.088 GC heap before
{Heap before GC invocations=4 (full 0):
 garbage-first heap   total 260096K, used 88074K [0x0000000080000000, 0x0000000100000000)
  region size 1024K, 71 young (72704K), 2 survivors (2048K)
 Metaspace       used 34843K, capacity 35614K, committed 35708K, reserved 1081344K
  class space    used 4500K, capacity 4807K, committed 4864K, reserved 1048576K
}
Event: 2.095 GC heap after
{Heap after GC invocations=5 (full 0):
 garbage-first heap   total 260096K, used 21912K [0x0000000080000000, 0x0000000100000000)
  region size 1024K, 6 young (6144K), 6 survivors (6144K)
 Metaspace       used 34843K, capacity 35614K, committed 35708K, reserved 1081344K
  class space    used 4500K, capacity 4807K, committed 4864K, reserved 1048576K
}
Event: 2.882 GC heap before
{Heap before GC invocations=6 (full 0):
 garbage-first heap   total 260096K, used 141720K [0x0000000080000000, 0x0000000100000000)
  region size 1024K, 120 young (122880K), 6 survivors (6144K)
 Metaspace       used 44987K, capacity 45992K, committed 46280K, reserved 1089536K
  class space    used 5769K, capacity 6163K, committed 6220K, reserved 1048576K
}
Event: 2.889 GC heap after
{Heap after GC invocations=7 (full 0):
 garbage-first heap   total 260096K, used 29304K [0x0000000080000000, 0x0000000100000000)
  region size 1024K, 13 young (13312K), 13 survivors (13312K)
 Metaspace       used 44987K, capacity 45992K, committed 46280K, reserved 1089536K
  class space    used 5769K, capacity 6163K, committed 6220K, reserved 1048576K
}
Event: 3.834 GC heap before
{Heap before GC invocations=7 (full 0):
 garbage-first heap   total 260096K, used 175736K [0x0000000080000000, 0x0000000100000000)
  region size 1024K, 152 young (155648K), 13 survivors (13312K)
 Metaspace       used 54676K, capacity 56024K, committed 56392K, reserved 1097728K
  class space    used 6971K, capacity 7506K, committed 7628K, reserved 1048576K
}
Event: 3.842 GC heap after
{Heap after GC invocations=8 (full 0):
 garbage-first heap   total 260096K, used 44140K [0x0000000080000000, 0x0000000100000000)
  region size 1024K, 19 young (19456K), 19 survivors (19456K)
 Metaspace       used 54676K, capacity 56024K, committed 56392K, reserved 1097728K
  class space    used 6971K, capacity 7506K, committed 7628K, reserved 1048576K
}
Event: 4.063 GC heap before
{Heap before GC invocations=8 (full 0):
 garbage-first heap   total 260096K, used 71788K [0x0000000080000000, 0x0000000100000000)
  region size 1024K, 47 young (48128K), 19 survivors (19456K)
 Metaspace       used 58498K, capacity 59895K, committed 60068K, reserved 1101824K
  class space    used 7435K, capacity 7981K, committed 8012K, reserved 1048576K
}
Event: 4.077 GC heap after
{Heap after GC invocations=9 (full 0):
 garbage-first heap   total 260096K, used 46198K [0x0000000080000000, 0x0000000100000000)
  region size 1024K, 3 young (3072K), 3 survivors (3072K)
 Metaspace       used 58498K, capacity 59895K, committed 60068K, reserved 1101824K
  class space    used 7435K, capacity 7981K, committed 8012K, reserved 1048576K
}
Event: 5.020 GC heap before
{Heap before GC invocations=10 (full 0):
 garbage-first heap   total 260096K, used 196726K [0x0000000080000000, 0x0000000100000000)
  region size 1024K, 150 young (153600K), 3 survivors (3072K)
 Metaspace       used 71237K, capacity 72900K, committed 73200K, reserved 1112064K
  class space    used 9242K, capacity 9882K, committed 9932K, reserved 1048576K
}
Event: 5.031 GC heap after
{Heap after GC invocations=11 (full 0):
 garbage-first heap   total 260096K, used 55383K [0x0000000080000000, 0x0000000100000000)
  region size 1024K, 12 young (12288K), 12 survivors (12288K)
 Metaspace       used 71237K, capacity 72900K, committed 73200K, reserved 1112064K
  class space    used 9242K, capacity 9882K, committed 9932K, reserved 1048576K
}
Event: 5.926 GC heap before
{Heap before GC invocations=12 (full 0):
 garbage-first heap   total 260096K, used 195671K [0x0000000080000000, 0x0000000100000000)
  region size 1024K, 150 young (153600K), 12 survivors (12288K)
 Metaspace       used 82160K, capacity 84479K, committed 84592K, reserved 1122304K
  class space    used 10873K, capacity 11748K, committed 11852K, reserved 1048576K
}
Event: 5.935 GC heap after
{Heap after GC invocations=13 (full 0):
 garbage-first heap   total 260096K, used 64441K [0x0000000080000000, 0x0000000100000000)
  region size 1024K, 10 young (10240K), 10 survivors (10240K)
 Metaspace       used 82160K, capacity 84479K, committed 84592K, reserved 1122304K
  class space    used 10873K, capacity 11748K, committed 11852K, reserved 1048576K
}
Event: 6.729 GC heap before
{Heap before GC invocations=13 (full 0):
 garbage-first heap   total 260096K, used 202681K [0x0000000080000000, 0x0000000100000000)
  region size 1024K, 143 young (146432K), 10 survivors (10240K)
 Metaspace       used 84959K, capacity 87383K, committed 87664K, reserved 1124352K
  class space    used 11086K, capacity 12036K, committed 12108K, reserved 1048576K
}
Event: 6.742 GC heap after
{Heap after GC invocations=14 (full 0):
 garbage-first heap   total 260096K, used 85273K [0x0000000080000000, 0x0000000100000000)
  region size 1024K, 18 young (18432K), 18 survivors (18432K)
 Metaspace       used 84959K, capacity 87383K, committed 87664K, reserved 1124352K
  class space    used 11086K, capacity 12036K, committed 12108K, reserved 1048576K
}
Event: 7.436 GC heap before
{Heap before GC invocations=14 (full 0):
 garbage-first heap   total 260096K, used 203033K [0x0000000080000000, 0x0000000100000000)
  region size 1024K, 126 young (129024K), 18 survivors (18432K)
 Metaspace       used 86761K, capacity 89304K, committed 89328K, reserved 1126400K
  class space    used 11272K, capacity 12227K, committed 12236K, reserved 1048576K
}
Event: 7.452 GC heap after
{Heap after GC invocations=15 (full 0):
 garbage-first heap   total 260096K, used 109712K [0x0000000080000000, 0x0000000100000000)
  region size 1024K, 16 young (16384K), 16 survivors (16384K)
 Metaspace       used 86761K, capacity 89304K, committed 89328K, reserved 1126400K
  class space    used 11272K, capacity 12227K, committed 12236K, reserved 1048576K
}
Event: 7.806 GC heap before
{Heap before GC invocations=15 (full 0):
 garbage-first heap   total 260096K, used 212112K [0x0000000080000000, 0x0000000100000000)
  region size 1024K, 100 young (102400K), 16 survivors (16384K)
 Metaspace       used 90985K, capacity 93515K, committed 93808K, reserved 1130496K
  class space    used 11584K, capacity 12537K, committed 12620K, reserved 1048576K
}
Event: 7.822 GC heap after
{Heap after GC invocations=16 (full 0):
 garbage-first heap   total 312320K, used 125260K [0x0000000080000000, 0x0000000100000000)
  region size 1024K, 13 young (13312K), 13 survivors (13312K)
 Metaspace       used 90985K, capacity 93515K, committed 93808K, reserved 1130496K
  class space    used 11584K, capacity 12537K, committed 12620K, reserved 1048576K
}
Event: 8.232 GC heap before
{Heap before GC invocations=16 (full 0):
 garbage-first heap   total 312320K, used 223564K [0x0000000080000000, 0x0000000100000000)
  region size 1024K, 110 young (112640K), 13 survivors (13312K)
 Metaspace       used 92989K, capacity 95612K, committed 95728K, reserved 1132544K
  class space    used 11755K, capacity 12728K, committed 12748K, reserved 1048576K
}
Event: 8.237 GC heap after
{Heap after GC invocations=17 (full 0):
 garbage-first heap   total 312320K, used 121651K [0x0000000080000000, 0x0000000100000000)
  region size 1024K, 4 young (4096K), 4 survivors (4096K)
 Metaspace       used 92989K, capacity 95612K, committed 95728K, reserved 1132544K
  class space    used 11755K, capacity 12728K, committed 12748K, reserved 1048576K
}

